2025-12-31 09:11:35,806 [INFO] Activator:176 - 


2025-12-31 09:11:35,807 [INFO] Activator:177 - !SESSION log4j initialized
2025-12-31 09:11:38,220 [INFO] LogOutputStream:77 - [STDOUT_REDIRECT] 
2025-12-31 09:11:39,792 [INFO] ApplicationProperties:184 - Using Application install path: C:\Users\mulla\STM32CubeIDE_1.19.0\STM32CubeIDE\plugins\com.st.stm32cube.common.mx_6.15.0.202507011659
2025-12-31 09:11:39,808 [INFO] DbMcusXml:78 - Set database path to: C:\Users\mulla\STM32CubeIDE_1.19.0\STM32CubeIDE\plugins\com.st.stm32cube.common.mx_6.15.0.202507011659\\db\/mcu/
2025-12-31 09:11:39,809 [INFO] ApiDb:274 - Set plugin database path to: C:\Users\mulla\STM32CubeIDE_1.19.0\STM32CubeIDE\plugins\com.st.stm32cube.common.mx_6.15.0.202507011659\\db\/plugins/boardmanager/
2025-12-31 09:11:39,819 [WARN] ApiDb:259 - Overriding images path with different value:  => C:\Users\mulla\STM32CubeIDE_1.19.0\STM32CubeIDE\plugins\com.st.stm32cube.common.mx_6.15.0.202507011659\\db\/plugins/mcufinder/images/
2025-12-31 09:11:39,825 [INFO] ApiDb:250 - Set database path to: C:\Users\mulla\.stmcufinder\plugins\mcufinder//mcu/
2025-12-31 09:11:39,826 [INFO] DbMcusAds:125 - Set database path to: C:\Users\mulla\.stmcufinder\plugins\mcufinder//mcu/
2025-12-31 09:11:39,828 [INFO] CrossReferenceDbSqlite:203 - Set database path to: C:\Users\mulla\.stmcufinder\plugins\mcufinder//mcu/cs/
2025-12-31 09:11:39,943 [INFO] RulesReader:64 - Compatibility file has been processed (317 Rules)
2025-12-31 09:11:40,027 [INFO] DbMcusXml:78 - Set database path to: C:\Users\mulla\STM32CubeIDE_1.19.0\STM32CubeIDE\plugins\com.st.stm32cube.common.mx_6.15.0.202507011659\\db\/mcu/
2025-12-31 09:11:40,027 [INFO] ApiDb:274 - Set plugin database path to: C:\Users\mulla\STM32CubeIDE_1.19.0\STM32CubeIDE\plugins\com.st.stm32cube.common.mx_6.15.0.202507011659\\db\/plugins/boardmanager/
2025-12-31 09:11:40,027 [INFO] ApiDb:261 - Set plugin images path to: C:\Users\mulla\STM32CubeIDE_1.19.0\STM32CubeIDE\plugins\com.st.stm32cube.common.mx_6.15.0.202507011659\\db\/plugins/mcufinder/images/
2025-12-31 09:11:40,027 [WARN] DbFile:41 - Overriding database path with different value: C:\Users\mulla\.stmcufinder\plugins\mcufinder/ => C:\Users\mulla\.stmcufinder\plugins\mcufinder
2025-12-31 09:11:40,027 [INFO] ApiDb:250 - Set database path to: C:\Users\mulla\.stmcufinder\plugins\mcufinder//mcu/
2025-12-31 09:11:40,027 [WARN] DbFile:41 - Overriding database path with different value: C:\Users\mulla\.stmcufinder\plugins\mcufinder/ => C:\Users\mulla\.stmcufinder\plugins\mcufinder
2025-12-31 09:11:40,027 [INFO] DbMcusAds:125 - Set database path to: C:\Users\mulla\.stmcufinder\plugins\mcufinder//mcu/
2025-12-31 09:11:40,028 [WARN] DbFile:41 - Overriding database path with different value: C:\Users\mulla\.stmcufinder\plugins\mcufinder/ => C:\Users\mulla\.stmcufinder\plugins\mcufinder
2025-12-31 09:11:40,028 [WARN] DbFile:41 - Overriding database path with different value: C:\Users\mulla\.stmcufinder\plugins\mcufinder/ => C:\Users\mulla\.stmcufinder\plugins\mcufinder
2025-12-31 09:11:40,028 [INFO] CrossReferenceDbSqlite:203 - Set database path to: C:\Users\mulla\.stmcufinder\plugins\mcufinder//mcu/cs/
2025-12-31 09:11:40,105 [INFO] MainPanel:274 - HeapMemory: 268435456
2025-12-31 09:11:40,189 [INFO] DbMcusXml:78 - Set database path to: C:\Users\mulla\STM32CubeIDE_1.19.0\STM32CubeIDE\plugins\com.st.stm32cube.common.mx_6.15.0.202507011659\\db\/mcu/
2025-12-31 09:11:40,190 [INFO] ApiDb:274 - Set plugin database path to: C:\Users\mulla\STM32CubeIDE_1.19.0\STM32CubeIDE\plugins\com.st.stm32cube.common.mx_6.15.0.202507011659\\db\/plugins/boardmanager/
2025-12-31 09:11:40,190 [INFO] ApiDb:261 - Set plugin images path to: C:\Users\mulla\STM32CubeIDE_1.19.0\STM32CubeIDE\plugins\com.st.stm32cube.common.mx_6.15.0.202507011659\\db\/plugins/mcufinder/images/
2025-12-31 09:11:40,190 [WARN] DbFile:41 - Overriding database path with different value: C:\Users\mulla\.stmcufinder\plugins\mcufinder/ => C:\Users\mulla\.stmcufinder\plugins\mcufinder
2025-12-31 09:11:40,190 [INFO] ApiDb:250 - Set database path to: C:\Users\mulla\.stmcufinder\plugins\mcufinder//mcu/
2025-12-31 09:11:40,191 [WARN] DbFile:41 - Overriding database path with different value: C:\Users\mulla\.stmcufinder\plugins\mcufinder/ => C:\Users\mulla\.stmcufinder\plugins\mcufinder
2025-12-31 09:11:40,191 [INFO] DbMcusAds:125 - Set database path to: C:\Users\mulla\.stmcufinder\plugins\mcufinder//mcu/
2025-12-31 09:11:40,191 [WARN] DbFile:41 - Overriding database path with different value: C:\Users\mulla\.stmcufinder\plugins\mcufinder/ => C:\Users\mulla\.stmcufinder\plugins\mcufinder
2025-12-31 09:11:40,191 [WARN] DbFile:41 - Overriding database path with different value: C:\Users\mulla\.stmcufinder\plugins\mcufinder/ => C:\Users\mulla\.stmcufinder\plugins\mcufinder
2025-12-31 09:11:40,191 [INFO] CrossReferenceDbSqlite:203 - Set database path to: C:\Users\mulla\.stmcufinder\plugins\mcufinder//mcu/cs/
2025-12-31 09:11:40,210 [INFO] ApplicationProperties:184 - Using Application install path: C:\Users\mulla\STM32CubeIDE_1.19.0\STM32CubeIDE\plugins\com.st.stm32cube.common.mx_6.15.0.202507011659
2025-12-31 09:11:40,212 [INFO] PluginManage:196 - Search for loadable plugins [exclusion list=, ]
2025-12-31 09:11:40,214 [INFO] PluginManage:310 - Check plugin analytics
2025-12-31 09:11:40,438 [INFO] AnalyticsPlugin:253 - Accepted Software Licenses: 
2025-12-31 09:11:40,439 [INFO] AnalyticsPlugin:255 - Accepted CMSIS Pack Licenses: 
2025-12-31 09:11:40,439 [INFO] AnalyticsPlugin:257 - Accepted Firmware Licenses: FW.F4.1.28.0
2025-12-31 09:11:40,442 [INFO] PluginManage:359 - Loaded plugin analytics (category:tool,tabindex:-1)
2025-12-31 09:11:40,443 [INFO] PluginManage:310 - Check plugin cadmodel
2025-12-31 09:11:40,447 [INFO] CADModel:105 - Init CAD model plugin
2025-12-31 09:11:40,447 [INFO] PluginManage:359 - Loaded plugin cadmodel (category:power,tabindex:5)
2025-12-31 09:11:40,447 [INFO] PluginManage:310 - Check plugin clock
2025-12-31 09:11:40,457 [INFO] PluginManage:359 - Loaded plugin clock (category:base,tabindex:2)
2025-12-31 09:11:40,457 [INFO] PluginManage:310 - Check plugin ddr
2025-12-31 09:11:40,462 [INFO] PluginManage:359 - Loaded plugin ddr (category:tool,tabindex:6)
2025-12-31 09:11:40,462 [INFO] PluginManage:310 - Check plugin filemanager
2025-12-31 09:11:40,663 [INFO] PluginManage:359 - Loaded plugin filemanager (category:base,tabindex:10)
2025-12-31 09:11:40,664 [INFO] PluginManage:310 - Check plugin ipmanager
2025-12-31 09:11:40,672 [INFO] PluginManage:359 - Loaded plugin ipmanager (category:base,tabindex:5)
2025-12-31 09:11:40,672 [INFO] PluginManage:310 - Check plugin lpbam
2025-12-31 09:11:40,680 [INFO] PluginManage:359 - Loaded plugin lpbam (category:base,tabindex:0)
2025-12-31 09:11:40,680 [INFO] PluginManage:310 - Check plugin memorymap
2025-12-31 09:11:40,692 [INFO] PluginManage:359 - Loaded plugin memorymap (category:base,tabindex:4)
2025-12-31 09:11:40,693 [INFO] PluginManage:310 - Check plugin pinoutandconfiguration
2025-12-31 09:11:40,700 [INFO] PluginManage:359 - Loaded plugin pinoutandconfiguration (category:base,tabindex:1)
2025-12-31 09:11:40,700 [INFO] PluginManage:310 - Check plugin pinoutconfig
2025-12-31 09:11:40,781 [WARN] SupportedApi:132 - Cannot load RTOS API schema: s4s-elt-must-match.1: The content of 'definitions' must match (annotation?, (simpleType | complexType)?, (unique | key | keyref)*)). A problem was found starting at: attribute.
2025-12-31 09:11:40,946 [INFO] PluginManage:359 - Loaded plugin pinoutconfig (category:base,tabindex:0)
2025-12-31 09:11:40,947 [INFO] PluginManage:310 - Check plugin power
2025-12-31 09:11:40,975 [INFO] PluginManage:359 - Loaded plugin power (category:power,tabindex:4)
2025-12-31 09:11:40,975 [INFO] PluginManage:310 - Check plugin projectmanager
2025-12-31 09:11:41,025 [INFO] PluginManage:359 - Loaded plugin projectmanager (category:projectmanager,tabindex:4)
2025-12-31 09:11:41,026 [INFO] PluginManage:310 - Check plugin rif
2025-12-31 09:11:41,042 [INFO] PluginManage:359 - Loaded plugin rif (category:base,tabindex:3)
2025-12-31 09:11:41,042 [INFO] PluginManage:310 - Check plugin thirdparty
2025-12-31 09:11:41,237 [INFO] PluginManage:359 - Loaded plugin thirdparty (category:base,tabindex:-1)
2025-12-31 09:11:41,237 [WARN] IntegrityCheckThread:84 - waiting for thirdparty lock release [integrity check]
2025-12-31 09:11:41,238 [INFO] PluginManage:310 - Check plugin tools
2025-12-31 09:11:41,238 [INFO] IntegrityCheckThread:86 - entering critical section [integrity check]
2025-12-31 09:11:41,238 [INFO] ThirdPartyUpdaterWithRetryManager:70 - Updater plugin not ready yet. [1/15]
2025-12-31 09:11:41,243 [INFO] PluginManage:359 - Loaded plugin tools (category:base,tabindex:7)
2025-12-31 09:11:41,244 [INFO] PluginManage:310 - Check plugin tutovideos
2025-12-31 09:11:41,412 [INFO] PluginManage:359 - Loaded plugin tutovideos (category:base,tabindex:-1)
2025-12-31 09:11:41,412 [INFO] PluginManage:310 - Check plugin updater
2025-12-31 09:11:41,436 [INFO] PluginManage:359 - Loaded plugin updater (category:base,tabindex:12)
2025-12-31 09:11:41,436 [INFO] PluginManage:310 - Check plugin userauth
2025-12-31 09:11:41,440 [INFO] UserAuth:118 - Init User Auth plugin
2025-12-31 09:11:41,440 [INFO] PluginManage:359 - Loaded plugin userauth (category:base,tabindex:14)
2025-12-31 09:11:41,441 [INFO] PluginManage:283 - PluginManage : Loaded plugins [18]
2025-12-31 09:11:41,657 [INFO] PinOutPanel:1589 - setPackage(No Configuration,No Configuration)
2025-12-31 09:11:41,728 [INFO] CADModel:165 - CPN selected for project level
2025-12-31 09:11:41,728 [INFO] CADModel:114 - Register for checkConnection events
2025-12-31 09:11:41,744 [INFO] IPUIPlugin:80 - create IPUIPlugin
2025-12-31 09:11:41,745 [INFO] PluginManager:220 - loadIPPluginJar : add adc
2025-12-31 09:11:41,747 [INFO] IPUIPlugin:80 - create IPUIPlugin
2025-12-31 09:11:41,748 [INFO] PluginManager:220 - loadIPPluginJar : add aes
2025-12-31 09:11:41,750 [INFO] IPUIPlugin:80 - create IPUIPlugin
2025-12-31 09:11:41,750 [INFO] PluginManager:220 - loadIPPluginJar : add can
2025-12-31 09:11:41,752 [INFO] IPUIPlugin:80 - create IPUIPlugin
2025-12-31 09:11:41,752 [INFO] PluginManager:220 - loadIPPluginJar : add comp
2025-12-31 09:11:41,755 [INFO] IPUIPlugin:80 - create IPUIPlugin
2025-12-31 09:11:41,755 [INFO] PluginManager:220 - loadIPPluginJar : add cryp
2025-12-31 09:11:41,759 [INFO] IPUIPlugin:80 - create IPUIPlugin
2025-12-31 09:11:41,759 [INFO] PluginManager:220 - loadIPPluginJar : add ddr_ctrl_phy
2025-12-31 09:11:41,761 [INFO] IPUIPlugin:80 - create IPUIPlugin
2025-12-31 09:11:41,762 [INFO] PluginManager:220 - loadIPPluginJar : add dfsdm
2025-12-31 09:11:41,767 [INFO] IPUIPlugin:80 - create IPUIPlugin
2025-12-31 09:11:41,768 [INFO] PluginManager:220 - loadIPPluginJar : add dma
2025-12-31 09:11:41,770 [INFO] IPUIPlugin:80 - create IPUIPlugin
2025-12-31 09:11:41,770 [INFO] PluginManager:220 - loadIPPluginJar : add dma3
2025-12-31 09:11:41,773 [INFO] IPUIPlugin:80 - create IPUIPlugin
2025-12-31 09:11:41,774 [INFO] PluginManager:220 - loadIPPluginJar : add extmemmanager
2025-12-31 09:11:41,775 [INFO] IPUIPlugin:80 - create IPUIPlugin
2025-12-31 09:11:41,776 [INFO] PluginManager:220 - loadIPPluginJar : add fatfs
2025-12-31 09:11:41,779 [INFO] IPUIPlugin:80 - create IPUIPlugin
2025-12-31 09:11:41,780 [INFO] PluginManager:220 - loadIPPluginJar : add fmc
2025-12-31 09:11:41,784 [INFO] IPUIPlugin:80 - create IPUIPlugin
2025-12-31 09:11:41,785 [INFO] PluginManager:220 - loadIPPluginJar : add freertos
2025-12-31 09:11:41,786 [INFO] IPUIPlugin:80 - create IPUIPlugin
2025-12-31 09:11:41,786 [INFO] PluginManager:220 - loadIPPluginJar : add genericplugin
2025-12-31 09:11:41,788 [INFO] IPUIPlugin:80 - create IPUIPlugin
2025-12-31 09:11:41,788 [INFO] PluginManager:220 - loadIPPluginJar : add gfxmmu
2025-12-31 09:11:41,792 [INFO] IPUIPlugin:80 - create IPUIPlugin
2025-12-31 09:11:41,792 [INFO] PluginManager:220 - loadIPPluginJar : add gic
2025-12-31 09:11:41,796 [INFO] IPUIPlugin:80 - create IPUIPlugin
2025-12-31 09:11:41,796 [INFO] PluginManager:220 - loadIPPluginJar : add gpio
2025-12-31 09:11:41,798 [INFO] IPUIPlugin:80 - create IPUIPlugin
2025-12-31 09:11:41,798 [INFO] PluginManager:220 - loadIPPluginJar : add gtzc
2025-12-31 09:11:41,801 [INFO] IPUIPlugin:80 - create IPUIPlugin
2025-12-31 09:11:41,801 [INFO] PluginManager:220 - loadIPPluginJar : add hash
2025-12-31 09:11:41,803 [INFO] IPUIPlugin:80 - create IPUIPlugin
2025-12-31 09:11:41,804 [INFO] PluginManager:220 - loadIPPluginJar : add i2c
2025-12-31 09:11:41,806 [INFO] IPUIPlugin:80 - create IPUIPlugin
2025-12-31 09:11:41,806 [INFO] PluginManager:220 - loadIPPluginJar : add i2s
2025-12-31 09:11:41,810 [INFO] IPUIPlugin:80 - create IPUIPlugin
2025-12-31 09:11:41,810 [INFO] PluginManager:220 - loadIPPluginJar : add i3c
2025-12-31 09:11:41,814 [INFO] IPUIPlugin:80 - create IPUIPlugin
2025-12-31 09:11:41,814 [INFO] PluginManager:220 - loadIPPluginJar : add ipddr
2025-12-31 09:11:41,822 [INFO] IPUIPlugin:80 - create IPUIPlugin
2025-12-31 09:11:41,822 [INFO] PluginManager:220 - loadIPPluginJar : add linkedlist
2025-12-31 09:11:41,825 [INFO] IPUIPlugin:80 - create IPUIPlugin
2025-12-31 09:11:41,825 [INFO] PluginManager:220 - loadIPPluginJar : add lorawan
2025-12-31 09:11:41,827 [INFO] IPUIPlugin:80 - create IPUIPlugin
2025-12-31 09:11:41,827 [INFO] PluginManager:220 - loadIPPluginJar : add ltdc
2025-12-31 09:11:41,832 [INFO] IPUIPlugin:80 - create IPUIPlugin
2025-12-31 09:11:41,832 [INFO] PluginManager:220 - loadIPPluginJar : add mdma
2025-12-31 09:11:41,836 [INFO] IPUIPlugin:80 - create IPUIPlugin
2025-12-31 09:11:41,836 [INFO] PluginManager:220 - loadIPPluginJar : add nvic
2025-12-31 09:11:41,840 [INFO] IPUIPlugin:80 - create IPUIPlugin
2025-12-31 09:11:41,840 [INFO] PluginManager:220 - loadIPPluginJar : add opamp
2025-12-31 09:11:41,843 [INFO] IPUIPlugin:80 - create IPUIPlugin
2025-12-31 09:11:41,843 [INFO] PluginManager:220 - loadIPPluginJar : add openamp
2025-12-31 09:11:41,846 [INFO] IPUIPlugin:80 - create IPUIPlugin
2025-12-31 09:11:41,846 [INFO] PluginManager:220 - loadIPPluginJar : add pdm2pcm
2025-12-31 09:11:41,852 [INFO] IPUIPlugin:80 - create IPUIPlugin
2025-12-31 09:11:41,854 [INFO] PluginManager:220 - loadIPPluginJar : add plateformsettings
2025-12-31 09:11:41,856 [INFO] IPUIPlugin:80 - create IPUIPlugin
2025-12-31 09:11:41,856 [INFO] PluginManager:220 - loadIPPluginJar : add quadspi
2025-12-31 09:11:41,859 [INFO] IPUIPlugin:80 - create IPUIPlugin
2025-12-31 09:11:41,860 [INFO] PluginManager:220 - loadIPPluginJar : add radio
2025-12-31 09:11:41,864 [INFO] IPUIPlugin:80 - create IPUIPlugin
2025-12-31 09:11:41,864 [INFO] PluginManager:220 - loadIPPluginJar : add resmgrutility
2025-12-31 09:11:41,869 [INFO] IPUIPlugin:80 - create IPUIPlugin
2025-12-31 09:11:41,870 [INFO] PluginManager:220 - loadIPPluginJar : add sai
2025-12-31 09:11:41,872 [INFO] IPUIPlugin:80 - create IPUIPlugin
2025-12-31 09:11:41,873 [INFO] PluginManager:220 - loadIPPluginJar : add spi
2025-12-31 09:11:41,878 [INFO] IPUIPlugin:80 - create IPUIPlugin
2025-12-31 09:11:41,879 [INFO] PluginManager:220 - loadIPPluginJar : add stm32_wpan
2025-12-31 09:11:41,881 [INFO] IPUIPlugin:80 - create IPUIPlugin
2025-12-31 09:11:41,881 [INFO] PluginManager:220 - loadIPPluginJar : add tim
2025-12-31 09:11:41,885 [INFO] IPUIPlugin:80 - create IPUIPlugin
2025-12-31 09:11:41,886 [INFO] PluginManager:220 - loadIPPluginJar : add touchsensing
2025-12-31 09:11:41,889 [INFO] IPUIPlugin:80 - create IPUIPlugin
2025-12-31 09:11:41,889 [INFO] PluginManager:220 - loadIPPluginJar : add tracer_emb
2025-12-31 09:11:41,892 [INFO] IPUIPlugin:80 - create IPUIPlugin
2025-12-31 09:11:41,892 [INFO] PluginManager:220 - loadIPPluginJar : add ts
2025-12-31 09:11:41,897 [INFO] IPUIPlugin:80 - create IPUIPlugin
2025-12-31 09:11:41,897 [INFO] PluginManager:220 - loadIPPluginJar : add tsc
2025-12-31 09:11:41,900 [INFO] IPUIPlugin:80 - create IPUIPlugin
2025-12-31 09:11:41,900 [INFO] PluginManager:220 - loadIPPluginJar : add ucpd
2025-12-31 09:11:41,904 [INFO] IPUIPlugin:80 - create IPUIPlugin
2025-12-31 09:11:41,904 [INFO] PluginManager:220 - loadIPPluginJar : add usart
2025-12-31 09:11:41,908 [INFO] IPUIPlugin:80 - create IPUIPlugin
2025-12-31 09:11:41,908 [INFO] PluginManager:220 - loadIPPluginJar : add usbx
2025-12-31 09:11:42,036 [FATAL] Updater:351 - Updater called before beeing initialized
2025-12-31 09:11:42,078 [INFO] RulesReader:64 - Compatibility file has been processed (317 Rules)
2025-12-31 09:11:42,095 [INFO] RulesReader:64 - Compatibility file has been processed (317 Rules)
2025-12-31 09:11:42,110 [INFO] CADModel:165 - CPN selected for project level
2025-12-31 09:11:42,111 [INFO] CADModel:114 - Register for checkConnection events
2025-12-31 09:11:42,111 [FATAL] Updater:351 - Updater called before beeing initialized
2025-12-31 09:11:42,111 [ERROR] CADModel:125 - Updater not yet initialized, retry later 
2025-12-31 09:11:42,248 [FATAL] Updater:351 - Updater called before beeing initialized
2025-12-31 09:11:42,251 [INFO] CADModel:165 - CPN selected for project level
2025-12-31 09:11:42,251 [INFO] CADModel:114 - Register for checkConnection events
2025-12-31 09:11:42,251 [FATAL] Updater:351 - Updater called before beeing initialized
2025-12-31 09:11:42,251 [ERROR] CADModel:125 - Updater not yet initialized, retry later 
2025-12-31 09:11:42,254 [FATAL] Updater:351 - Updater called before beeing initialized
2025-12-31 09:11:42,352 [FATAL] Updater:351 - Updater called before beeing initialized
2025-12-31 09:11:42,355 [INFO] DbMcusAds:53 - JSON generation date=Tue Dec 16 04:41:46 IST 2025 (1765840306612)
2025-12-31 09:11:42,355 [FATAL] Updater:351 - Updater called before beeing initialized
2025-12-31 09:11:42,384 [WARN] DetailPanel:346 - Failed to get advertising image, set to default
2025-12-31 09:11:42,485 [FATAL] Updater:351 - Updater called before beeing initialized
2025-12-31 09:11:42,486 [FATAL] Updater:351 - Updater called before beeing initialized
2025-12-31 09:11:42,486 [FATAL] Updater:351 - Updater called before beeing initialized
2025-12-31 09:11:42,487 [WARN] DetailPanel:346 - Failed to get advertising image, set to default
2025-12-31 09:11:42,487 [FATAL] Updater:351 - Updater called before beeing initialized
2025-12-31 09:11:42,528 [ERROR] Updater:1198 - MainUpdater not yet initialized. External WinMGr cannot be set.
2025-12-31 09:11:42,529 [INFO] Updater:1134 - Updater Version found : 6.15.0
2025-12-31 09:11:42,547 [INFO] ApplicationProperties:184 - Using Application install path: C:\Users\mulla\STM32CubeIDE_1.19.0\STM32CubeIDE\plugins\com.st.stm32cube.common.mx_6.15.0.202507011659
2025-12-31 09:11:44,120 [ERROR] LogOutputStream:75 - [STDERR_REDIRECT] Dec 31, 2025 9:11:44 AM java.util.prefs.WindowsPreferences <init>
2025-12-31 09:11:44,123 [ERROR] LogOutputStream:75 - [STDERR_REDIRECT] WARNING: Could not open/create prefs root node Software\JavaSoft\Prefs at root 0xffffffff80000002. Windows RegCreateKeyEx(...) returned error code 5.
2025-12-31 09:11:44,123 [ERROR] LogOutputStream:75 - [STDERR_REDIRECT] 
2025-12-31 09:11:44,240 [INFO] ThirdPartyUpdaterWithRetryManager:70 - Updater plugin not ready yet. [2/15]
2025-12-31 09:11:44,428 [INFO] MainUpdater:2872 - connection check result : 10
2025-12-31 09:11:44,429 [INFO] MainUpdater:289 - Updater Check For Update Now.
2025-12-31 09:11:44,429 [INFO] MicroXplorer:498 - Change Database Version : DB.6.0.150
2025-12-31 09:11:44,446 [INFO] McuFinderGlobals:63 - Set McuFinder mode to 2 (CubeIDE integrated)
2025-12-31 09:11:44,448 [INFO] UserAuth:171 - activating auth plugin
2025-12-31 09:11:44,453 [INFO] UserAuth:487 - Internet connection configuration mode: 1
2025-12-31 09:11:44,499 [INFO] JxBrowserEngine:152 - Initiate JxBrowser Engine with user profile folder
2025-12-31 09:11:44,643 [INFO] CheckServerUpdateThread:120 - End of CheckServer Thread
2025-12-31 09:11:45,191 [INFO] WebApp:169 - Instantiating new browser for Auth
2025-12-31 09:11:46,682 [ERROR] LogOutputStream:75 - [STDERR_REDIRECT] 
